<?xml version="1.0" encoding="UTF-8"?>
<!-- Generated by org.testng.reporters.JUnitXMLReporter -->
<testsuite ignored="0" hostname="DESKTOP-8DPVRQ3" failures="0" tests="6" name="Default test" time="0.063" errors="0" timestamp="2020-09-13T15:57:55 IST">
  <testcase classname="com.test.TestNG.NewTest" name="openPage" time="0.006"/>
  <testcase classname="com.test.TestNG.NewTest" name="login" time="0.001"/>
  <testcase classname="com.test.TestNG.NewTest" name="addNewUser" time="0.001"/>
  <testcase classname="com.test.TestNG.NewTest" name="viewUsers" time="0.001"/>
  <testcase classname="com.test.TestNG.NewTest" name="removeExistingUser" time="0.001"/>
  <testcase classname="com.test.TestNG.NewTest" name="Logout" time="0.001"/>
</testsuite> <!-- Default test -->
