<?xml version="1.0" encoding="UTF-8"?>
<!-- Generated by org.testng.reporters.JUnitXMLReporter -->
<testsuite ignored="0" hostname="DESKTOP-8DPVRQ3" failures="0" tests="12" name="Test" time="0.062" errors="0" timestamp="2020-09-13T17:51:00 IST">
  <testcase classname="com.test.TestNG.NewTest" name="openPage" time="0.007"/>
  <testcase classname="com.test.TestNG.NewTest2" name="openPage" time="0.008"/>
  <testcase classname="com.test.TestNG.NewTest" name="Logout" time="0.009"/>
  <testcase classname="com.test.TestNG.NewTest2" name="viewUsers" time="0.009"/>
  <testcase classname="com.test.TestNG.NewTest" name="viewUsers" time="0.01"/>
  <testcase classname="com.test.TestNG.NewTest" name="addNewUser" time="0.011"/>
  <testcase classname="com.test.TestNG.NewTest" name="login" time="0.012"/>
  <testcase classname="com.test.TestNG.NewTest" name="removeExistingUser" time="0.011"/>
  <testcase classname="com.test.TestNG.NewTest2" name="addNewUser" time="0.013"/>
  <testcase classname="com.test.TestNG.NewTest2" name="login" time="0.014"/>
  <testcase classname="com.test.TestNG.NewTest2" name="Logout" time="0.005"/>
  <testcase classname="com.test.TestNG.NewTest2" name="removeExistingUser" time="0.006"/>
</testsuite> <!-- Test -->
