<?xml version="1.0" encoding="UTF-8"?>
<!-- Generated by org.testng.reporters.JUnitXMLReporter -->
<testsuite ignored="0" hostname="DESKTOP-8DPVRQ3" failures="0" tests="12" name="Test" time="0.046" errors="0" timestamp="2020-09-25T15:55:31 IST">
  <testcase classname="com.test.TestNG.NewTest2" name="openPage" time="0.006"/>
  <testcase classname="com.test.TestNG.NewTest" name="openPage" time="0.006"/>
  <testcase classname="com.test.TestNG.NewTest2" name="login" time="0.001"/>
  <testcase classname="com.test.TestNG.NewTest" name="login" time="0.001"/>
  <testcase classname="com.test.TestNG.NewTest2" name="addNewUser" time="0.001"/>
  <testcase classname="com.test.TestNG.NewTest" name="addNewUser" time="0.001"/>
  <testcase classname="com.test.TestNG.NewTest2" name="viewUsers" time="0.001"/>
  <testcase classname="com.test.TestNG.NewTest" name="viewUsers" time="0.001"/>
  <testcase classname="com.test.TestNG.NewTest2" name="removeExistingUser" time="0.0"/>
  <testcase classname="com.test.TestNG.NewTest" name="removeExistingUser" time="0.001"/>
  <testcase classname="com.test.TestNG.NewTest2" name="Logout" time="0.001"/>
  <testcase classname="com.test.TestNG.NewTest" name="Logout" time="0.0"/>
</testsuite> <!-- Test -->
